============================= test session starts =============================
platform win32 -- Python 3.12.13, pytest-9.0.3, pluggy-1.6.0 -- C:\Users\18140\anaconda3\envs\tokensmith\python.exe
rootdir: D:\Shiqi\OneDrive - Georgia Institute of Technology\Gatech QCF\Yr2Sem2\CS6423 Database\Project\TokenSmith
configfile: pyproject.toml
plugins: anyio-4.13.0, Faker-40.13.0, langsmith-0.7.31
collecting ... collected 25 items

tests/test_hot_chunk_cache.py::TestChunkAccessTracker::test_schema_created PASSED [  4%]
tests/test_hot_chunk_cache.py::TestChunkAccessTracker::test_log_and_query_access_count PASSED [  8%]
tests/test_hot_chunk_cache.py::TestChunkAccessTracker::test_hot_chunks_ordered_by_access_count PASSED [ 12%]
tests/test_hot_chunk_cache.py::TestChunkAccessTracker::test_boost_factors_normalized PASSED [ 16%]
tests/test_hot_chunk_cache.py::TestChunkAccessTracker::test_boost_factors_empty_db PASSED [ 20%]
tests/test_hot_chunk_cache.py::TestChunkAccessTracker::test_get_stats_structure PASSED [ 24%]
tests/test_hot_chunk_cache.py::TestChunkAccessTracker::test_reset_clears_all_data PASSED [ 28%]
tests/test_hot_chunk_cache.py::TestChunkAccessTracker::test_avg_score_computed_correctly PASSED [ 32%]
tests/test_hot_chunk_cache.py::TestChunkAccessTracker::test_multiple_log_same_batch PASSED [ 36%]
tests/test_hot_chunk_cache.py::TestPopularityBoost::test_boost_reorders_chunks PASSED [ 40%]
tests/test_hot_chunk_cache.py::TestPopularityBoost::test_zero_boost_alpha_unchanged PASSED [ 44%]
tests/test_hot_chunk_cache.py::TestPopularityBoost::test_no_boost_factors_unchanged PASSED [ 48%]
tests/test_hot_chunk_cache.py::TestPopularityBoost::test_boost_scores_monotone PASSED [ 52%]
tests/test_hot_chunk_cache.py::TestHotChunkCache::test_empty_cache_returns_empty PASSED [ 56%]
tests/test_hot_chunk_cache.py::TestHotChunkCache::test_hot_scores_after_access_logging PASSED [ 60%]
tests/test_hot_chunk_cache.py::TestHotChunkCache::test_is_hot_consistency PASSED [ 64%]
tests/test_hot_chunk_cache.py::TestHotChunkCache::test_evict_and_reload_updates_cache PASSED [ 68%]
tests/test_hot_chunk_cache.py::TestHotChunkCache::test_cache_hit_rate_increases PASSED [ 72%]
tests/test_hot_chunk_cache.py::TestHotCachePerformance::test_hot_cache_faster_than_full_search PASSED [ 76%]
tests/test_hot_chunk_cache.py::TestHotCachePerformance::test_hot_cache_latency_per_query_under_threshold PASSED [ 80%]
tests/test_hot_chunk_cache.py::TestHotCachePerformance::test_speedup_scales_with_corpus_size PASSED [ 84%]
tests/test_hot_chunk_cache.py::TestEndToEndLatency::test_warm_cache_ranking_not_slower_than_cold PASSED [ 88%]
tests/test_hot_chunk_cache.py::TestEndToEndLatency::test_ranking_with_boost_preserves_top_k_count PASSED [ 92%]
tests/test_hot_chunk_cache.py::TestEndToEndLatency::test_repeated_queries_improve_cache_hit_rate PASSED [ 96%]
tests/test_hot_chunk_cache.py::TestEndToEndLatency::test_cold_start_graceful_fallback PASSED [100%]
============================================================
Traceback (most recent call last):
  File "D:\Shiqi\OneDrive - Georgia Institute of Technology\Gatech QCF\Yr2Sem2\CS6423 Database\Project\TokenSmith\tests\conftest.py", line 284, in _wait_for_async_grading
    print("\u23f3 Waiting for async LLM grading to complete...")
UnicodeEncodeError: 'gbk' codec can't encode character '\u23f3' in position 0: illegal multibyte sequence

During handling of the above exception, another exception occurred:

Traceback (most recent call last):
  File "<frozen runpy>", line 198, in _run_module_as_main
  File "<frozen runpy>", line 88, in _run_code
  File "C:\Users\18140\anaconda3\envs\tokensmith\Lib\site-packages\pytest\__main__.py", line 9, in <module>
    raise SystemExit(pytest.console_main())
                     ^^^^^^^^^^^^^^^^^^^^^
  File "C:\Users\18140\anaconda3\envs\tokensmith\Lib\site-packages\_pytest\config\__init__.py", line 223, in console_main
    code = main()
           ^^^^^^
  File "C:\Users\18140\anaconda3\envs\tokensmith\Lib\site-packages\_pytest\config\__init__.py", line 199, in main
    ret: ExitCode | int = config.hook.pytest_cmdline_main(config=config)
                          ^^^^^^^^^^^^^^^^^^^^^^^^^^^^^^^^^^^^^^^^^^^^^^
  File "C:\Users\18140\anaconda3\envs\tokensmith\Lib\site-packages\pluggy\_hooks.py", line 512, in __call__
    return self._hookexec(self.name, self._hookimpls.copy(), kwargs, firstresult)
           ^^^^^^^^^^^^^^^^^^^^^^^^^^^^^^^^^^^^^^^^^^^^^^^^^^^^^^^^^^^^^^^^^^^^^^
  File "C:\Users\18140\anaconda3\envs\tokensmith\Lib\site-packages\pluggy\_manager.py", line 120, in _hookexec
    return self._inner_hookexec(hook_name, methods, kwargs, firstresult)
           ^^^^^^^^^^^^^^^^^^^^^^^^^^^^^^^^^^^^^^^^^^^^^^^^^^^^^^^^^^^^^
  File "C:\Users\18140\anaconda3\envs\tokensmith\Lib\site-packages\pluggy\_callers.py", line 167, in _multicall
    raise exception
  File "C:\Users\18140\anaconda3\envs\tokensmith\Lib\site-packages\pluggy\_callers.py", line 121, in _multicall
    res = hook_impl.function(*args)
          ^^^^^^^^^^^^^^^^^^^^^^^^^
  File "C:\Users\18140\anaconda3\envs\tokensmith\Lib\site-packages\_pytest\main.py", line 365, in pytest_cmdline_main
    return wrap_session(config, _main)
           ^^^^^^^^^^^^^^^^^^^^^^^^^^^
  File "C:\Users\18140\anaconda3\envs\tokensmith\Lib\site-packages\_pytest\main.py", line 353, in wrap_session
    config.hook.pytest_sessionfinish(
  File "C:\Users\18140\anaconda3\envs\tokensmith\Lib\site-packages\pluggy\_hooks.py", line 512, in __call__
    return self._hookexec(self.name, self._hookimpls.copy(), kwargs, firstresult)
           ^^^^^^^^^^^^^^^^^^^^^^^^^^^^^^^^^^^^^^^^^^^^^^^^^^^^^^^^^^^^^^^^^^^^^^
  File "C:\Users\18140\anaconda3\envs\tokensmith\Lib\site-packages\pluggy\_manager.py", line 120, in _hookexec
    return self._inner_hookexec(hook_name, methods, kwargs, firstresult)
           ^^^^^^^^^^^^^^^^^^^^^^^^^^^^^^^^^^^^^^^^^^^^^^^^^^^^^^^^^^^^^
  File "C:\Users\18140\anaconda3\envs\tokensmith\Lib\site-packages\pluggy\_callers.py", line 167, in _multicall
    raise exception
  File "C:\Users\18140\anaconda3\envs\tokensmith\Lib\site-packages\pluggy\_callers.py", line 139, in _multicall
    teardown.throw(exception)
  File "C:\Users\18140\anaconda3\envs\tokensmith\Lib\site-packages\_pytest\logging.py", line 873, in pytest_sessionfinish
    return (yield)
            ^^^^^
  File "C:\Users\18140\anaconda3\envs\tokensmith\Lib\site-packages\pluggy\_callers.py", line 139, in _multicall
    teardown.throw(exception)
  File "C:\Users\18140\anaconda3\envs\tokensmith\Lib\site-packages\_pytest\terminal.py", line 960, in pytest_sessionfinish
    result = yield
             ^^^^^
  File "C:\Users\18140\anaconda3\envs\tokensmith\Lib\site-packages\pluggy\_callers.py", line 139, in _multicall
    teardown.throw(exception)
  File "C:\Users\18140\anaconda3\envs\tokensmith\Lib\site-packages\_pytest\warnings.py", line 118, in pytest_sessionfinish
    return (yield)
            ^^^^^
  File "C:\Users\18140\anaconda3\envs\tokensmith\Lib\site-packages\pluggy\_callers.py", line 121, in _multicall
    res = hook_impl.function(*args)
          ^^^^^^^^^^^^^^^^^^^^^^^^^
  File "D:\Shiqi\OneDrive - Georgia Institute of Technology\Gatech QCF\Yr2Sem2\CS6423 Database\Project\TokenSmith\tests\conftest.py", line 267, in pytest_sessionfinish
    _wait_for_async_grading()
  File "D:\Shiqi\OneDrive - Georgia Institute of Technology\Gatech QCF\Yr2Sem2\CS6423 Database\Project\TokenSmith\tests\conftest.py", line 305, in _wait_for_async_grading
    print(f"\u26a0\ufe0f  Async LLM grading failed: {e}")
UnicodeEncodeError: 'gbk' codec can't encode character '\u26a0' in position 0: illegal multibyte sequence
